<?xml version="1.0" encoding="UTF-8"?>
<testsuite xmlns:xsi="http://www.w3.org/2001/XMLSchema-instance" xsi:noNamespaceSchemaLocation="https://maven.apache.org/surefire/maven-surefire-plugin/xsd/surefire-test-report-3.0.xsd" version="3.0" name="fr.m2i.mpps.DevOpsDayApplicationTests" time="15.016" tests="1" errors="0" skipped="0" failures="0">
  <properties>
[...]
</properties>
  <testcase name="contextLoads" classname="fr.m2i.mpps.DevOpsDayApplicationTests" time="3.958">
    <system-out><![CDATA[11:49:57.325 [main] INFO org.springframework.test.context.support.AnnotationConfigContextLoaderUtils -- Could not detect default configuration classes for test class [fr.m2i.mpps.DevOpsDayApplicationTests]: DevOpsDayApplicationTests does not declare any static, non-private, non-final, nested classes annotated with @Configuration.
11:49:58.077 [main] INFO org.springframework.boot.test.context.SpringBootTestContextBootstrapper -- Found @SpringBootConfiguration fr.m2i.mpps.DevOpsDayApplication for test class fr.m2i.mpps.DevOpsDayApplicationTests

  .   ____          _            __ _ _
 /\\ / ___'_ __ _ _(_)_ __  __ _ \ \ \ \
( ( )\___ | '_ | '_| | '_ \/ _` | \ \ \ \
 \\/  ___)| |_)| | | | | || (_| |  ) ) ) )
  '  |____| .__|_| |_|_| |_\__, | / / / /
 =========|_|==============|___/=/_/_/_/
 :: Spring Boot ::                (v3.1.3)

2023-09-21T11:50:00.240+02:00  INFO 6265 --- [           main] fr.m2i.mpps.DevOpsDayApplicationTests    : Starting DevOpsDayApplicationTests using Java 20.0.2 with PID 6265 (started by adrienlupo in /Users/adrienlupo/eclipse-workspace/DevOpsDay)
2023-09-21T11:50:00.413+02:00  INFO 6265 --- [           main] fr.m2i.mpps.DevOpsDayApplicationTests    : No active profile set, falling back to 1 default profile: "default"
2023-09-21T11:50:07.258+02:00  INFO 6265 --- [           main] fr.m2i.mpps.DevOpsDayApplicationTests    : Started DevOpsDayApplicationTests in 8.556 seconds (process running for 14.185)
]]></system-out>
  </testcase>
</testsuite>